2023-03-01 13:21:49,202 INFO o.a.j.u.JMeterUtils: Setting Locale to en_ID
2023-03-01 13:21:49,226 INFO o.a.j.JMeter: Loading user properties from: user.properties
2023-03-01 13:21:49,226 INFO o.a.j.JMeter: Loading system properties from: system.properties
2023-03-01 13:21:49,227 INFO o.a.j.JMeter: Loading additional properties from: /Users/adityo/Automation/apache-jmeter-5.5/bin/user.properties
2023-03-01 13:21:49,232 INFO o.a.j.JMeter: Copyright (c) 1998-2022 The Apache Software Foundation
2023-03-01 13:21:49,232 INFO o.a.j.JMeter: Version 5.5
2023-03-01 13:21:49,232 INFO o.a.j.JMeter: java.version=19.0.1
2023-03-01 13:21:49,232 INFO o.a.j.JMeter: java.vm.name=OpenJDK 64-Bit Server VM
2023-03-01 13:21:49,232 INFO o.a.j.JMeter: os.name=Mac OS X
2023-03-01 13:21:49,232 INFO o.a.j.JMeter: os.arch=x86_64
2023-03-01 13:21:49,232 INFO o.a.j.JMeter: os.version=13.0
2023-03-01 13:21:49,232 INFO o.a.j.JMeter: file.encoding=UTF-8
2023-03-01 13:21:49,232 INFO o.a.j.JMeter: java.awt.headless=true
2023-03-01 13:21:49,233 INFO o.a.j.JMeter: Max memory     =4294967296
2023-03-01 13:21:49,233 INFO o.a.j.JMeter: Available Processors =8
2023-03-01 13:21:49,239 INFO o.a.j.JMeter: Default Locale=English (Indonesia)
2023-03-01 13:21:49,239 INFO o.a.j.JMeter: JMeter  Locale=English (Indonesia)
2023-03-01 13:21:49,240 INFO o.a.j.JMeter: JMeterHome=/Users/adityo/Automation/apache-jmeter-5.5
2023-03-01 13:21:49,240 INFO o.a.j.JMeter: user.dir  =/Users/adityo/Automation/apache-jmeter-5.5/bin
2023-03-01 13:21:49,240 INFO o.a.j.JMeter: PWD       =/Users/adityo/Automation/apache-jmeter-5.5/bin
2023-03-01 13:21:49,270 INFO o.a.j.JMeter: IP: 192.168.17.196 Name: adityos-MacBook-Pro.local FullName: 192.168.17.196
2023-03-01 13:21:49,277 INFO o.a.j.JMeter: Setting property 'jmeter.reportgenerator.outputdir' to:'/Users/adityo/Automation/apache-jmeter-5.5/report'
2023-03-01 13:21:49,282 INFO o.a.j.r.d.ReportGenerator: ReportGenerator will use for Parsing the separator: ','
2023-03-01 13:21:49,283 INFO o.a.j.r.d.ReportGenerator: Will only generate report from results file: /Users/adityo/Automation/apache-jmeter-5.5/bin/aggregate.csv
2023-03-01 13:21:49,283 INFO o.a.j.r.d.ReportGenerator: Reading report generator properties from: /Users/adityo/Automation/apache-jmeter-5.5/bin/reportgenerator.properties
2023-03-01 13:21:49,284 INFO o.a.j.r.d.ReportGenerator: Merging with JMeter properties
2023-03-01 13:21:49,288 INFO o.a.j.r.c.ReportGeneratorConfiguration: Property 'jmeter.reportgenerator.temp_dir' not found, using default value 'temp' instead.
2023-03-01 13:21:49,291 INFO o.a.j.r.c.ReportGeneratorConfiguration: Property 'jmeter.reportgenerator.apdex_per_transaction' not found, using default value 'null' instead.
2023-03-01 13:21:49,296 INFO o.a.j.r.c.ReportGeneratorConfiguration: apdex_per_transaction is empty, not APDEX per transaction customization
2023-03-01 13:21:49,296 INFO o.a.j.r.c.ReportGeneratorConfiguration: Property 'jmeter.reportgenerator.sample_filter' not found, using default value 'null' instead.
2023-03-01 13:21:49,296 INFO o.a.j.r.c.ReportGeneratorConfiguration: Property 'jmeter.reportgenerator.report_title' not found, using default value 'null' instead.
2023-03-01 13:21:49,296 INFO o.a.j.r.c.ReportGeneratorConfiguration: Property 'jmeter.reportgenerator.start_date' not found, using default value 'null' instead.
2023-03-01 13:21:49,296 INFO o.a.j.r.c.ReportGeneratorConfiguration: Property 'jmeter.reportgenerator.end_date' not found, using default value 'null' instead.
2023-03-01 13:21:49,296 INFO o.a.j.r.c.ReportGeneratorConfiguration: Property 'jmeter.reportgenerator.date_format' not found, using default value 'null' instead.
2023-03-01 13:21:49,300 INFO o.a.j.r.c.ReportGeneratorConfiguration: Will use date range start date: null, end date: null
2023-03-01 13:21:49,303 INFO o.a.j.r.c.ReportGeneratorConfiguration: Property 'jmeter.reportgenerator.graph.totalTPS.exclude_controllers' not found, using default value 'false' instead.
2023-03-01 13:21:49,303 INFO o.a.j.r.c.ReportGeneratorConfiguration: Property 'jmeter.reportgenerator.graph.activeThreadsOverTime.exclude_controllers' not found, using default value 'false' instead.
2023-03-01 13:21:49,303 INFO o.a.j.r.c.ReportGeneratorConfiguration: Property 'jmeter.reportgenerator.graph.timeVsThreads.exclude_controllers' not found, using default value 'false' instead.
2023-03-01 13:21:49,303 INFO o.a.j.r.c.ReportGeneratorConfiguration: Property 'jmeter.reportgenerator.graph.responseTimeDistribution.exclude_controllers' not found, using default value 'false' instead.
2023-03-01 13:21:49,303 INFO o.a.j.r.c.ReportGeneratorConfiguration: Property 'jmeter.reportgenerator.graph.transactionsPerSecond.exclude_controllers' not found, using default value 'false' instead.
2023-03-01 13:21:49,303 INFO o.a.j.r.c.ReportGeneratorConfiguration: Property 'jmeter.reportgenerator.graph.responseTimePercentiles.exclude_controllers' not found, using default value 'false' instead.
2023-03-01 13:21:49,303 INFO o.a.j.r.c.ReportGeneratorConfiguration: Property 'jmeter.reportgenerator.graph.responseTimePercentilesOverTime.exclude_controllers' not found, using default value 'false' instead.
2023-03-01 13:21:49,304 INFO o.a.j.r.c.ReportGeneratorConfiguration: Property 'jmeter.reportgenerator.graph.responseTimesOverTime.exclude_controllers' not found, using default value 'false' instead.
2023-03-01 13:21:49,304 INFO o.a.j.r.c.ReportGeneratorConfiguration: Property 'jmeter.reportgenerator.graph.connectTimeOverTime.exclude_controllers' not found, using default value 'false' instead.
2023-03-01 13:21:49,304 INFO o.a.j.r.c.ReportGeneratorConfiguration: Property 'jmeter.reportgenerator.graph.latenciesOverTime.exclude_controllers' not found, using default value 'false' instead.
2023-03-01 13:21:49,305 INFO o.a.j.r.c.ReportGeneratorConfiguration: Property 'jmeter.reportgenerator.exporter.json.filters_only_sample_series' not found, using default value 'true' instead.
2023-03-01 13:21:49,305 INFO o.a.j.r.c.ReportGeneratorConfiguration: Property 'jmeter.reportgenerator.exporter.json.series_filter' not found, using default value '' instead.
2023-03-01 13:21:49,305 INFO o.a.j.r.c.ReportGeneratorConfiguration: Property 'jmeter.reportgenerator.exporter.json.show_controllers_only' not found, using default value 'false' instead.
2023-03-01 13:21:49,305 INFO o.a.j.r.c.ReportGeneratorConfiguration: Property 'jmeter.reportgenerator.exporter.html.filters_only_sample_series' not found, using default value 'true' instead.
2023-03-01 13:21:49,305 INFO o.a.j.r.c.ReportGeneratorConfiguration: Property 'jmeter.reportgenerator.exporter.html.series_filter' not found, using default value '' instead.
2023-03-01 13:21:49,305 INFO o.a.j.r.c.ReportGeneratorConfiguration: Property 'jmeter.reportgenerator.exporter.html.show_controllers_only' not found, using default value 'false' instead.
2023-03-01 13:21:49,493 INFO o.a.j.s.SaveService: Testplan (JMX) version: 2.2. Testlog (JTL) version: 2.2
2023-03-01 13:21:49,514 INFO o.a.j.s.SaveService: Using SaveService properties version 5.0
2023-03-01 13:21:49,526 INFO o.a.j.s.SaveService: Using SaveService properties file encoding UTF-8
2023-03-01 13:21:49,543 WARN o.a.j.s.CSVSaveService: Unknown column name Label
2023-03-01 13:21:49,549 WARN o.a.j.r.c.CsvSampleReader: File '/Users/adityo/Automation/apache-jmeter-5.5/bin/aggregate.csv' does not contain the field names header, ensure the jmeter.save.saveservice.* properties are the same as when the CSV file was created or the file may be read incorrectly when generating report
2023-03-01 13:21:49,551 WARN o.a.j.r.c.CsvSampleReader: Short CSV read around line 2 of file '/Users/adityo/Automation/apache-jmeter-5.5/bin/aggregate.csv'. Could only read 13 elements of 17 expected. Data is [https://entitlement.visionplus.id/api/v1/entitlement/user-type, 1, 128, 128, 128, 128, 128, 128, 128, 0.000%, 7.81250, 4.67, 4.80]
2023-03-01 13:21:49,551 ERROR o.a.j.JMeter: An error occurred: 
org.apache.jmeter.report.core.SampleException: Mismatch between expected number of columns:17 and columns in CSV file:13, check your jmeter.save.saveservice.* configuration or check if line 2 in '/Users/adityo/Automation/apache-jmeter-5.5/bin/aggregate.csv' is complete
	at org.apache.jmeter.report.core.CsvSampleReader.assertCorrectColumns(CsvSampleReader.java:205) ~[ApacheJMeter_core.jar:5.5]
	at org.apache.jmeter.report.core.CsvSampleReader.nextSample(CsvSampleReader.java:189) ~[ApacheJMeter_core.jar:5.5]
	at org.apache.jmeter.report.core.CsvSampleReader.<init>(CsvSampleReader.java:135) ~[ApacheJMeter_core.jar:5.5]
	at org.apache.jmeter.report.core.CsvSampleReader.<init>(CsvSampleReader.java:87) ~[ApacheJMeter_core.jar:5.5]
	at org.apache.jmeter.report.processor.CsvFileSampleSource.<init>(CsvFileSampleSource.java:111) ~[ApacheJMeter_core.jar:5.5]
	at org.apache.jmeter.report.dashboard.ReportGenerator.generate(ReportGenerator.java:209) ~[ApacheJMeter_core.jar:5.5]
	at org.apache.jmeter.JMeter.start(JMeter.java:462) ~[ApacheJMeter_core.jar:5.5]
	at jdk.internal.reflect.DirectMethodHandleAccessor.invoke(DirectMethodHandleAccessor.java:104) ~[?:?]
	at java.lang.reflect.Method.invoke(Method.java:578) ~[?:?]
	at org.apache.jmeter.NewDriver.main(NewDriver.java:259) ~[ApacheJMeter.jar:5.5]
