2023-07-03 14:37:39,562 INFO o.a.j.u.JMeterUtils: Setting Locale to en_EN
2023-07-03 14:37:39,588 INFO o.a.j.JMeter: Loading user properties from: user.properties
2023-07-03 14:37:39,589 INFO o.a.j.JMeter: Loading system properties from: system.properties
2023-07-03 14:37:39,595 INFO o.a.j.JMeter: Copyright (c) 1998-2022 The Apache Software Foundation
2023-07-03 14:37:39,595 INFO o.a.j.JMeter: Version 5.5
2023-07-03 14:37:39,595 INFO o.a.j.JMeter: java.version=19.0.1
2023-07-03 14:37:39,595 INFO o.a.j.JMeter: java.vm.name=OpenJDK 64-Bit Server VM
2023-07-03 14:37:39,595 INFO o.a.j.JMeter: os.name=Mac OS X
2023-07-03 14:37:39,595 INFO o.a.j.JMeter: os.arch=x86_64
2023-07-03 14:37:39,595 INFO o.a.j.JMeter: os.version=13.2.1
2023-07-03 14:37:39,595 INFO o.a.j.JMeter: file.encoding=UTF-8
2023-07-03 14:37:39,595 INFO o.a.j.JMeter: java.awt.headless=true
2023-07-03 14:37:39,595 INFO o.a.j.JMeter: Max memory     =1073741824
2023-07-03 14:37:39,595 INFO o.a.j.JMeter: Available Processors =8
2023-07-03 14:37:39,604 INFO o.a.j.JMeter: Default Locale=English (EN)
2023-07-03 14:37:39,604 INFO o.a.j.JMeter: JMeter  Locale=English (EN)
2023-07-03 14:37:39,604 INFO o.a.j.JMeter: JMeterHome=/Users/adityo/Automation/apache-jmeter-5.5
2023-07-03 14:37:39,604 INFO o.a.j.JMeter: user.dir  =/Users/adityo/Automation/apache-jmeter-5.5/bin
2023-07-03 14:37:39,604 INFO o.a.j.JMeter: PWD       =/Users/adityo/Automation/apache-jmeter-5.5/bin
2023-07-03 14:37:39,636 INFO o.a.j.JMeter: IP: 10.9.18.127 Name: adityos-MacBook-Pro.local FullName: 10.9.18.127
2023-07-03 14:37:39,645 INFO o.a.j.JMeter: Setting property 'jmeter.reportgenerator.outputdir' to:'/Users/adityo/Automation/apache-jmeter-5.5/html/entitlement_03072023/03072023143733'
2023-07-03 14:37:39,650 INFO o.a.j.s.FileServer: Default base='/Users/adityo/Automation/apache-jmeter-5.5/bin'
2023-07-03 14:37:39,651 INFO o.a.j.s.FileServer: Set new base='/Users/adityo/Automation/apache-jmeter-5.5/bin'
2023-07-03 14:37:39,834 INFO o.a.j.s.SaveService: Testplan (JMX) version: 2.2. Testlog (JTL) version: 2.2
2023-07-03 14:37:39,860 INFO o.a.j.s.SaveService: Using SaveService properties version 5.0
2023-07-03 14:37:39,865 INFO o.a.j.s.SaveService: Using SaveService properties file encoding UTF-8
2023-07-03 14:37:39,869 INFO o.a.j.s.SaveService: Loading file: entitlement-loadtest.jmx
2023-07-03 14:37:39,920 INFO o.a.j.p.h.s.HTTPSamplerBase: Parser for text/html is org.apache.jmeter.protocol.http.parser.LagartoBasedHtmlParser
2023-07-03 14:37:39,921 INFO o.a.j.p.h.s.HTTPSamplerBase: Parser for application/xhtml+xml is org.apache.jmeter.protocol.http.parser.LagartoBasedHtmlParser
2023-07-03 14:37:39,921 INFO o.a.j.p.h.s.HTTPSamplerBase: Parser for application/xml is org.apache.jmeter.protocol.http.parser.LagartoBasedHtmlParser
2023-07-03 14:37:39,921 INFO o.a.j.p.h.s.HTTPSamplerBase: Parser for text/xml is org.apache.jmeter.protocol.http.parser.LagartoBasedHtmlParser
2023-07-03 14:37:39,921 INFO o.a.j.p.h.s.HTTPSamplerBase: Parser for text/vnd.wap.wml is org.apache.jmeter.protocol.http.parser.RegexpHTMLParser
2023-07-03 14:37:39,921 INFO o.a.j.p.h.s.HTTPSamplerBase: Parser for text/css is org.apache.jmeter.protocol.http.parser.CssParser
2023-07-03 14:37:39,954 INFO o.a.j.JMeter: Creating summariser <summary>
2023-07-03 14:37:39,958 INFO o.a.j.r.d.ReportGenerator: ReportGenerator will use for Parsing the separator: ','
2023-07-03 14:37:39,958 INFO o.a.j.r.d.ReportGenerator: Will generate report at end of test from  results file: /Users/adityo/Automation/apache-jmeter-5.5/report/03072023143733.jtl
2023-07-03 14:37:39,958 INFO o.a.j.r.d.ReportGenerator: Reading report generator properties from: /Users/adityo/Automation/apache-jmeter-5.5/bin/reportgenerator.properties
2023-07-03 14:37:39,959 INFO o.a.j.r.d.ReportGenerator: Merging with JMeter properties
2023-07-03 14:37:39,964 INFO o.a.j.r.c.ReportGeneratorConfiguration: Property 'jmeter.reportgenerator.temp_dir' not found, using default value 'temp' instead.
2023-07-03 14:37:39,966 INFO o.a.j.r.c.ReportGeneratorConfiguration: Property 'jmeter.reportgenerator.apdex_per_transaction' not found, using default value 'null' instead.
2023-07-03 14:37:39,966 INFO o.a.j.r.c.ReportGeneratorConfiguration: apdex_per_transaction is empty, not APDEX per transaction customization
2023-07-03 14:37:39,967 INFO o.a.j.r.c.ReportGeneratorConfiguration: Property 'jmeter.reportgenerator.sample_filter' not found, using default value 'null' instead.
2023-07-03 14:37:39,967 INFO o.a.j.r.c.ReportGeneratorConfiguration: Property 'jmeter.reportgenerator.report_title' not found, using default value 'null' instead.
2023-07-03 14:37:39,967 INFO o.a.j.r.c.ReportGeneratorConfiguration: Property 'jmeter.reportgenerator.start_date' not found, using default value 'null' instead.
2023-07-03 14:37:39,967 INFO o.a.j.r.c.ReportGeneratorConfiguration: Property 'jmeter.reportgenerator.end_date' not found, using default value 'null' instead.
2023-07-03 14:37:39,967 INFO o.a.j.r.c.ReportGeneratorConfiguration: Property 'jmeter.reportgenerator.date_format' not found, using default value 'null' instead.
2023-07-03 14:37:39,968 INFO o.a.j.r.c.ReportGeneratorConfiguration: Will use date range start date: null, end date: null
2023-07-03 14:37:39,973 INFO o.a.j.r.c.ReportGeneratorConfiguration: Property 'jmeter.reportgenerator.graph.totalTPS.exclude_controllers' not found, using default value 'false' instead.
2023-07-03 14:37:39,973 INFO o.a.j.r.c.ReportGeneratorConfiguration: Property 'jmeter.reportgenerator.graph.activeThreadsOverTime.exclude_controllers' not found, using default value 'false' instead.
2023-07-03 14:37:39,973 INFO o.a.j.r.c.ReportGeneratorConfiguration: Property 'jmeter.reportgenerator.graph.timeVsThreads.exclude_controllers' not found, using default value 'false' instead.
2023-07-03 14:37:39,973 INFO o.a.j.r.c.ReportGeneratorConfiguration: Property 'jmeter.reportgenerator.graph.responseTimeDistribution.exclude_controllers' not found, using default value 'false' instead.
2023-07-03 14:37:39,973 INFO o.a.j.r.c.ReportGeneratorConfiguration: Property 'jmeter.reportgenerator.graph.transactionsPerSecond.exclude_controllers' not found, using default value 'false' instead.
2023-07-03 14:37:39,973 INFO o.a.j.r.c.ReportGeneratorConfiguration: Property 'jmeter.reportgenerator.graph.responseTimePercentiles.exclude_controllers' not found, using default value 'false' instead.
2023-07-03 14:37:39,974 INFO o.a.j.r.c.ReportGeneratorConfiguration: Property 'jmeter.reportgenerator.graph.responseTimePercentilesOverTime.exclude_controllers' not found, using default value 'false' instead.
2023-07-03 14:37:39,974 INFO o.a.j.r.c.ReportGeneratorConfiguration: Property 'jmeter.reportgenerator.graph.responseTimesOverTime.exclude_controllers' not found, using default value 'false' instead.
2023-07-03 14:37:39,974 INFO o.a.j.r.c.ReportGeneratorConfiguration: Property 'jmeter.reportgenerator.graph.connectTimeOverTime.exclude_controllers' not found, using default value 'false' instead.
2023-07-03 14:37:39,974 INFO o.a.j.r.c.ReportGeneratorConfiguration: Property 'jmeter.reportgenerator.graph.latenciesOverTime.exclude_controllers' not found, using default value 'false' instead.
2023-07-03 14:37:39,975 INFO o.a.j.r.c.ReportGeneratorConfiguration: Property 'jmeter.reportgenerator.exporter.json.filters_only_sample_series' not found, using default value 'true' instead.
2023-07-03 14:37:39,975 INFO o.a.j.r.c.ReportGeneratorConfiguration: Property 'jmeter.reportgenerator.exporter.json.series_filter' not found, using default value '' instead.
2023-07-03 14:37:39,975 INFO o.a.j.r.c.ReportGeneratorConfiguration: Property 'jmeter.reportgenerator.exporter.json.show_controllers_only' not found, using default value 'false' instead.
2023-07-03 14:37:39,975 INFO o.a.j.r.c.ReportGeneratorConfiguration: Property 'jmeter.reportgenerator.exporter.html.filters_only_sample_series' not found, using default value 'true' instead.
2023-07-03 14:37:39,975 INFO o.a.j.r.c.ReportGeneratorConfiguration: Property 'jmeter.reportgenerator.exporter.html.series_filter' not found, using default value '' instead.
2023-07-03 14:37:39,976 INFO o.a.j.r.c.ReportGeneratorConfiguration: Property 'jmeter.reportgenerator.exporter.html.show_controllers_only' not found, using default value 'false' instead.
2023-07-03 14:37:39,988 INFO o.a.j.e.StandardJMeterEngine: Running the test!
2023-07-03 14:37:39,988 INFO o.a.j.s.SampleEvent: List of sample_variables: []
2023-07-03 14:37:39,988 INFO o.a.j.s.SampleEvent: List of sample_variables: []
2023-07-03 14:37:39,994 INFO o.a.j.e.u.CompoundVariable: Note: Function class names must contain the string: '.functions.'
2023-07-03 14:37:39,994 INFO o.a.j.e.u.CompoundVariable: Note: Function class names must not contain the string: '.gui.'
2023-07-03 14:37:40,052 INFO o.a.j.r.ResultCollector: Folder at /Users/adityo/Automation/apache-jmeter-5.5/report was created
2023-07-03 14:37:40,067 INFO o.a.j.JMeter: Running test (1688369860067)
2023-07-03 14:37:40,089 INFO o.a.j.e.StandardJMeterEngine: Starting ThreadGroup: 1 : Thread Group
2023-07-03 14:37:40,089 INFO o.a.j.e.StandardJMeterEngine: Starting 1 threads for group Thread Group.
2023-07-03 14:37:40,090 INFO o.a.j.e.StandardJMeterEngine: Thread will continue on error
2023-07-03 14:37:40,090 INFO o.a.j.t.ThreadGroup: Starting thread group... number=1 threads=1 ramp-up=1 delayedStart=false
2023-07-03 14:37:40,094 INFO o.a.j.t.ThreadGroup: Started thread group number 1
2023-07-03 14:37:40,095 INFO o.a.j.e.StandardJMeterEngine: All thread groups have been started
2023-07-03 14:37:40,098 INFO o.a.j.s.SampleResult: Note: Sample TimeStamps are START times
2023-07-03 14:37:40,098 INFO o.a.j.s.SampleResult: sampleresult.default.encoding is set to ISO-8859-1
2023-07-03 14:37:40,098 INFO o.a.j.s.SampleResult: sampleresult.useNanoTime=true
2023-07-03 14:37:40,098 INFO o.a.j.s.SampleResult: sampleresult.nanoThreadSleep=5000
2023-07-03 14:37:40,099 INFO o.a.j.t.JMeterThread: Thread started: Thread Group 1-1
2023-07-03 14:37:40,124 INFO o.a.j.p.h.s.HTTPHCAbstractImpl: Local host = adityos-MacBook-Pro.local
2023-07-03 14:37:40,131 INFO o.a.j.p.h.s.HTTPHC4Impl: HTTP request retry count = 0
2023-07-03 14:37:40,259 INFO o.a.j.p.h.s.h.LazyLayeredConnectionSocketFactory: Setting up HTTPS TrustAll Socket Factory
2023-07-03 14:37:40,267 INFO o.a.j.u.JsseSSLManager: Using default SSL protocol: TLS
2023-07-03 14:37:40,267 INFO o.a.j.u.JsseSSLManager: SSL session context: per-thread
2023-07-03 14:37:40,347 INFO o.a.j.u.SSLManager: JmeterKeyStore Location:  type JKS
2023-07-03 14:37:40,351 INFO o.a.j.u.SSLManager: KeyStore created OK
2023-07-03 14:37:40,351 WARN o.a.j.u.SSLManager: Keystore file not found, loading empty keystore
2023-07-03 14:37:41,825 INFO o.a.j.t.JMeterThread: Thread is done: Thread Group 1-1
2023-07-03 14:37:41,826 INFO o.a.j.t.JMeterThread: Thread finished: Thread Group 1-1
2023-07-03 14:37:41,833 INFO o.a.j.e.StandardJMeterEngine: Notifying test listeners of end of test
2023-07-03 14:37:41,834 INFO o.a.j.r.Summariser: summary =      6 in 00:00:02 =    3.4/s Avg:   263 Min:    31 Max:   707 Err:     0 (0.00%)
2023-07-03 14:37:41,835 INFO o.a.j.JMeter: Generating Dashboard
2023-07-03 14:37:41,835 INFO o.a.j.r.d.ReportGenerator: Flushing result collector before report Generation
2023-07-03 14:37:41,848 INFO o.a.j.r.p.NormalizerSampleConsumer: Using format, 'ms', to parse timeStamp field
2023-07-03 14:37:41,905 INFO o.a.j.r.p.AbstractSampleConsumer: class org.apache.jmeter.report.processor.AggregateConsumer#stopProducing(): beginDate produced 0 samples
2023-07-03 14:37:41,905 INFO o.a.j.r.p.AbstractSampleConsumer: class org.apache.jmeter.report.processor.AggregateConsumer#stopProducing(): endDate produced 0 samples
2023-07-03 14:37:41,907 INFO o.a.j.r.p.AbstractSampleConsumer: class org.apache.jmeter.report.processor.ApdexSummaryConsumer#stopProducing(): apdexSummary produced 0 samples
2023-07-03 14:37:41,908 INFO o.a.j.r.p.AbstractSampleConsumer: class org.apache.jmeter.report.processor.RequestsSummaryConsumer#stopProducing(): requestsSummary produced 0 samples
2023-07-03 14:37:41,914 INFO o.a.j.r.p.AbstractSampleConsumer: class org.apache.jmeter.report.processor.StatisticsSummaryConsumer#stopProducing(): statisticsSummary produced 0 samples
2023-07-03 14:37:41,916 INFO o.a.j.r.p.AbstractSampleConsumer: class org.apache.jmeter.report.processor.Top5ErrorsBySamplerConsumer#stopProducing(): top5ErrorsBySampler produced 0 samples
2023-07-03 14:37:41,916 INFO o.a.j.r.p.AbstractSampleConsumer: class org.apache.jmeter.report.processor.ErrorsSummaryConsumer#stopProducing(): errorsSummary produced 0 samples
2023-07-03 14:37:41,916 INFO o.a.j.r.p.AbstractSampleConsumer: class org.apache.jmeter.report.processor.graph.impl.HitsPerSecondGraphConsumer#stopProducing(): hitsPerSecond produced 0 samples
2023-07-03 14:37:41,925 INFO o.a.j.r.p.AbstractSampleConsumer: class org.apache.jmeter.report.processor.graph.impl.LatencyVSRequestGraphConsumer#stopProducing(): latencyVsRequest produced 0 samples
2023-07-03 14:37:41,925 INFO o.a.j.r.p.AbstractSampleConsumer: class org.apache.jmeter.report.processor.graph.impl.SyntheticResponseTimeDistributionGraphConsumer#stopProducing(): syntheticResponseTimeDistribution produced 0 samples
2023-07-03 14:37:41,925 INFO o.a.j.r.p.AbstractSampleConsumer: class org.apache.jmeter.report.processor.graph.impl.BytesThroughputGraphConsumer#stopProducing(): bytesThroughputOverTime produced 0 samples
2023-07-03 14:37:41,926 INFO o.a.j.r.p.AbstractSampleConsumer: class org.apache.jmeter.report.processor.graph.impl.CodesPerSecondGraphConsumer#stopProducing(): codesPerSecond produced 0 samples
2023-07-03 14:37:41,928 INFO o.a.j.r.p.AbstractSampleConsumer: class org.apache.jmeter.report.processor.graph.impl.ResponseTimeVSRequestGraphConsumer#stopProducing(): responseTimeVsRequest produced 0 samples
2023-07-03 14:37:41,929 INFO o.a.j.r.p.AbstractSampleConsumer: class org.apache.jmeter.report.processor.FilterConsumer#stopProducing(): startIntervalControlerFilter produced 42 samples
2023-07-03 14:37:41,929 INFO o.a.j.r.p.AbstractSampleConsumer: class org.apache.jmeter.report.processor.graph.impl.TotalTPSGraphConsumer#stopProducing(): totalTPS produced 0 samples
2023-07-03 14:37:41,929 INFO o.a.j.r.p.AbstractSampleConsumer: class org.apache.jmeter.report.processor.graph.impl.ActiveThreadsGraphConsumer#stopProducing(): activeThreadsOverTime produced 0 samples
2023-07-03 14:37:41,929 INFO o.a.j.r.p.AbstractSampleConsumer: class org.apache.jmeter.report.processor.graph.impl.TimeVSThreadGraphConsumer#stopProducing(): timeVsThreads produced 0 samples
2023-07-03 14:37:41,930 INFO o.a.j.r.p.AbstractSampleConsumer: class org.apache.jmeter.report.processor.graph.impl.ResponseTimeDistributionGraphConsumer#stopProducing(): responseTimeDistribution produced 0 samples
2023-07-03 14:37:41,930 INFO o.a.j.r.p.AbstractSampleConsumer: class org.apache.jmeter.report.processor.graph.impl.TransactionsPerSecondGraphConsumer#stopProducing(): transactionsPerSecond produced 0 samples
2023-07-03 14:37:41,930 INFO o.a.j.r.p.AbstractSampleConsumer: class org.apache.jmeter.report.processor.graph.impl.ResponseTimePercentilesGraphConsumer#stopProducing(): responseTimePercentiles produced 0 samples
2023-07-03 14:37:41,932 INFO o.a.j.r.p.AbstractSampleConsumer: class org.apache.jmeter.report.processor.graph.impl.ResponseTimePercentilesOverTimeGraphConsumer#stopProducing(): responseTimePercentilesOverTime produced 0 samples
2023-07-03 14:37:41,932 INFO o.a.j.r.p.AbstractSampleConsumer: class org.apache.jmeter.report.processor.graph.impl.ResponseTimeOverTimeGraphConsumer#stopProducing(): responseTimesOverTime produced 0 samples
2023-07-03 14:37:41,932 INFO o.a.j.r.p.AbstractSampleConsumer: class org.apache.jmeter.report.processor.graph.impl.ConnectTimeOverTimeGraphConsumer#stopProducing(): connectTimeOverTime produced 0 samples
2023-07-03 14:37:41,932 INFO o.a.j.r.p.AbstractSampleConsumer: class org.apache.jmeter.report.processor.graph.impl.LatencyOverTimeGraphConsumer#stopProducing(): latenciesOverTime produced 0 samples
2023-07-03 14:37:41,932 INFO o.a.j.r.p.AbstractSampleConsumer: class org.apache.jmeter.report.processor.FilterConsumer#stopProducing(): nameFilter produced 105 samples
2023-07-03 14:37:41,932 INFO o.a.j.r.p.AbstractSampleConsumer: class org.apache.jmeter.report.processor.FilterConsumer#stopProducing(): dateRangeFilter produced 21 samples
2023-07-03 14:37:41,933 INFO o.a.j.r.p.AbstractSampleConsumer: class org.apache.jmeter.report.processor.NormalizerSampleConsumer#stopProducing(): normalizer produced 7 samples
2023-07-03 14:37:41,933 INFO o.a.j.r.p.CsvFileSampleSource: produce(): 7 samples produced in 61ms on channel 0
2023-07-03 14:37:41,933 INFO o.a.j.r.d.ReportGenerator: Exporting data using exporter:'json' of className:'org.apache.jmeter.report.dashboard.JsonExporter'
2023-07-03 14:37:42,061 INFO o.a.j.r.d.JsonExporter: Found data for consumer statisticsSummary in context
2023-07-03 14:37:42,061 INFO o.a.j.r.d.JsonExporter: Creating statistics for overall
2023-07-03 14:37:42,062 INFO o.a.j.r.d.JsonExporter: Creating statistics for other transactions
2023-07-03 14:37:42,062 INFO o.a.j.r.d.JsonExporter: Checking output folder
2023-07-03 14:37:42,062 INFO o.a.j.r.d.JsonExporter: Writing statistics JSON to /Users/adityo/Automation/apache-jmeter-5.5/html/entitlement_03072023/03072023143733/statistics.json
2023-07-03 14:37:42,107 INFO o.a.j.r.d.ReportGenerator: Exporting data using exporter:'html' of className:'org.apache.jmeter.report.dashboard.HtmlTemplateExporter'
2023-07-03 14:37:42,114 INFO o.a.j.r.d.HtmlTemplateExporter: Will generate dashboard in folder: /Users/adityo/Automation/apache-jmeter-5.5/html/entitlement_03072023/03072023143733
2023-07-03 14:37:42,221 INFO o.a.j.r.d.HtmlTemplateExporter: Report will be generated in: /Users/adityo/Automation/apache-jmeter-5.5/html/entitlement_03072023/03072023143733, creating folder structure
2023-07-03 14:37:42,224 INFO o.a.j.r.d.TemplateVisitor: Copying folder from '/Users/adityo/Automation/apache-jmeter-5.5/bin/report-template' to '/Users/adityo/Automation/apache-jmeter-5.5/html/entitlement_03072023/03072023143733', got message: /Users/adityo/Automation/apache-jmeter-5.5/html/entitlement_03072023/03072023143733, found non empty folder with following content [/Users/adityo/Automation/apache-jmeter-5.5/html/entitlement_03072023/03072023143733/statistics.json], will be ignored
2023-07-03 14:37:42,511 INFO o.a.j.JMeter: Dashboard generated
